<?xml version="1.0" encoding="UTF-8"?>
<!-- Generated by org.testng.reporters.JUnitXMLReporter -->
<testsuite ignored="1" hostname="SIPL2016-03" failures="0" tests="2" name="Default test" time="19.388" errors="0" timestamp="2024-07-31T15:45:37 IST">
  <testcase classname="com.crm.qa.testcases.LoginPageTest" name="loginPageTitleTest" time="0.028"/>
  <testcase classname="com.crm.qa.testcases.LoginPageTest" name="loginTest" time="4.83"/>
  <testcase classname="com.crm.qa.testcases.LoginPageTest" name="crmLogoImageTest" time="0.0">
    <ignored/>
  </testcase> <!-- crmLogoImageTest -->
</testsuite> <!-- Default test -->
