<?xml version="1.0" encoding="UTF-8"?>
<testng-results ignored="0" total="2" passed="2" failed="0" skipped="0">
  <reporter-output>
  </reporter-output>
  <suite started-at="2024-07-31T15:45:17 IST" name="Default suite" finished-at="2024-07-31T15:45:37 IST" duration-ms="19388">
    <groups>
    </groups>
    <test started-at="2024-07-31T15:45:17 IST" name="Default test" finished-at="2024-07-31T15:45:37 IST" duration-ms="19388">
      <class name="com.crm.qa.testcases.LoginPageTest">
        <test-method is-config="true" signature="setUp()[pri:0, instance:com.crm.qa.testcases.LoginPageTest@515c6049]" started-at="2024-07-31T15:45:17 IST" name="setUp" finished-at="2024-07-31T15:45:24 IST" duration-ms="6377" status="PASS">
          <reporter-output>
          </reporter-output>
        </test-method> <!-- setUp -->
        <test-method signature="loginPageTitleTest()[pri:1, instance:com.crm.qa.testcases.LoginPageTest@515c6049]" started-at="2024-07-31T15:45:24 IST" name="loginPageTitleTest" finished-at="2024-07-31T15:45:24 IST" duration-ms="28" status="PASS">
          <reporter-output>
          </reporter-output>
        </test-method> <!-- loginPageTitleTest -->
        <test-method is-config="true" signature="tearDown()[pri:0, instance:com.crm.qa.testcases.LoginPageTest@515c6049]" started-at="2024-07-31T15:45:24 IST" name="tearDown" finished-at="2024-07-31T15:45:25 IST" duration-ms="1496" status="PASS">
          <reporter-output>
          </reporter-output>
        </test-method> <!-- tearDown -->
        <test-method is-config="true" signature="setUp()[pri:0, instance:com.crm.qa.testcases.LoginPageTest@515c6049]" started-at="2024-07-31T15:45:25 IST" name="setUp" finished-at="2024-07-31T15:45:30 IST" duration-ms="5028" status="PASS">
          <reporter-output>
          </reporter-output>
        </test-method> <!-- setUp -->
        <test-method signature="loginTest()[pri:3, instance:com.crm.qa.testcases.LoginPageTest@515c6049]" started-at="2024-07-31T15:45:30 IST" name="loginTest" finished-at="2024-07-31T15:45:35 IST" duration-ms="4830" status="PASS">
          <reporter-output>
          </reporter-output>
        </test-method> <!-- loginTest -->
        <test-method is-config="true" signature="tearDown()[pri:0, instance:com.crm.qa.testcases.LoginPageTest@515c6049]" started-at="2024-07-31T15:45:35 IST" name="tearDown" finished-at="2024-07-31T15:45:37 IST" duration-ms="1528" status="PASS">
          <reporter-output>
          </reporter-output>
        </test-method> <!-- tearDown -->
      </class> <!-- com.crm.qa.testcases.LoginPageTest -->
    </test> <!-- Default test -->
  </suite> <!-- Default suite -->
</testng-results>
